2026-03-08 07:10:00,180 - Posted: Level up your coding skills today!

#programming #coding #python | Image: No image folder found
2026-03-08 07:11:00,220 - Posted: Small progress every day matters.

#AI #coding #programming | Image: No image folder found
2026-03-08 08:06:00,041 - Posted: You will get your own according to your price.

#Jaguar #Fellari #Toyota | Image: No image folder found
2026-03-08 08:07:00,077 - Posted: You will get your own according to your price.

#Fellari #Jaguar #Toyota | Image: No image folder found
2026-03-08 08:26:00,679 - Posted: Follow us for more cars updates!

#MercedesBenz #Fellari bugatti | Image: No image folder found
2026-03-09 13:15:00,849 - Posted: Follow us for more cars updates!

#Jaguar #Marza #Fellari | Image: No image folder found
2026-03-09 13:16:00,894 - Posted: Checkout the new cars available \U0001f697!

#Fellari bugatti #MercedesBenz | Image: No image folder found
2026-03-09 13:17:00,945 - Posted: Checkout the new cars available \U0001f697!

#Jaguar #Toyota bugatti | Image: No image folder found
2026-03-09 13:50:00,546 - Posted: Follow us for more car updates!

#Mazda #Bugatti #MercedesBenz | Image: C:\Users\ntiis\AppData\Local\Temp\_MEI424282\images\car1.jpeg
2026-03-09 13:51:00,617 - Posted: Find your perfect car according to your budget.

#MercedesBenz #Toyota #Ferrari | Image: C:\Users\ntiis\AppData\Local\Temp\_MEI424282\images\car2.jpeg
2026-03-09 13:52:00,682 - Posted: Find your perfect car according to your budget.

#Jaguar #Ferrari #Toyota | Image: C:\Users\ntiis\AppData\Local\Temp\_MEI424282\images\car2.jpeg
