2026-03-08 08:32:00,071 - Posted: Checkout the new cars available \U0001f697!

#Fellari #Jaguar #MercedesBenz | Image: No image folder found
2026-03-08 08:39:00,223 - Posted: Follow us for more cars updates!

#Jaguar bugatti #Marza | Image: No image folder found
2026-03-09 11:42:29,122 - Posted: New cars under way \U0001f680

#Toyota #Fellari #Marza | Image: No image folder found
2026-03-09 11:42:29,136 - Posted: New cars under way \U0001f680

bugatti #Jaguar #MercedesBenz | Image: No image folder found
2026-03-09 11:42:29,139 - Posted: Find you perfect car according to your budget.

#Fellari #Toyota #Marza | Image: No image folder found
2026-03-09 11:52:01,017 - Posted: New cars under way \U0001f680

bugatti #MercedesBenz #Toyota | Image: No image folder found
2026-03-09 12:46:00,430 - Posted: Checkout the new cars available \U0001f697!

bugatti #Toyota #MercedesBenz | Image: No image folder found
2026-03-09 12:48:00,447 - Posted: Follow us for more cars updates!

#Marza bugatti #MercedesBenz | Image: images\car1.jpeg
2026-03-09 13:09:00,350 - Posted: New cars under way \U0001f680

#Fellari #Toyota #Marza | Image: images\car3.jpeg
2026-03-09 13:20:01,032 - Posted: Follow us for more cars updates!

#Jaguar bugatti #Marza | Image: images\car1.jpeg
